\BOOKMARK [1][-]{section.1}{\376\377\152\041\147\177\116\313\176\315}{}% 1
\BOOKMARK [2][-]{subsection.1.1}{\376\377\221\315\211\201\213\364\146\016}{section.1}% 2
\BOOKMARK [2][-]{subsection.1.2}{\376\377\145\207\116\366\213\364\146\016}{section.1}% 3
\BOOKMARK [2][-]{subsection.1.3}{\376\377\135\362\122\240\217\175\166\204\133\217\123\005}{section.1}% 4
\BOOKMARK [1][-]{section.2}{\376\377\153\143\145\207\211\201\154\102}{}% 5
\BOOKMARK [1][-]{section.3}{\376\377\117\177\165\050\213\364\146\016}{}% 6
\BOOKMARK [2][-]{subsection.3.1}{\376\377\177\026\213\321\145\271\137\017}{section.3}% 7
\BOOKMARK [2][-]{subsection.3.2}{\376\377\143\322\126\376}{section.3}% 8
\BOOKMARK [3][-]{subsubsection.3.2.1}{\376\377\143\322\126\376\155\113\213\325}{subsection.3.2}% 9
\BOOKMARK [2][-]{subsection.3.3}{\376\377\145\160\133\146\121\154\137\017}{section.3}% 10
\BOOKMARK [3][-]{subsubsection.3.3.1}{\376\377\210\114\121\205\121\154\137\017}{subsection.3.3}% 11
\BOOKMARK [3][-]{subsubsection.3.3.2}{\376\377\210\114\225\364\121\154\137\017}{subsection.3.3}% 12
\BOOKMARK [3][-]{subsubsection.3.3.3}{\376\377\121\154\137\017\155\113\213\325}{subsection.3.3}% 13
\BOOKMARK [2][-]{subsection.3.4}{\376\377\210\150\150\074}{section.3}% 14
\BOOKMARK [3][-]{subsubsection.3.4.1}{\376\377\225\177\210\150\150\074\155\113\213\325}{subsection.3.4}% 15
\BOOKMARK [2][-]{subsection.3.5}{\376\377\123\026\133\146\145\271\172\013\137\017}{section.3}% 16
\BOOKMARK [3][-]{subsubsection.3.5.1}{\376\377\123\026\133\146\145\271\172\013\137\017\155\113\213\325}{subsection.3.5}% 17
\BOOKMARK [2][-]{subsection.3.6}{\376\377\123\302\200\003\145\207\163\056}{section.3}% 18
\BOOKMARK [1][-]{subsection.3.6}{\376\377\123\302\200\003\145\207\163\056}{}% 19
\BOOKMARK [1][-]{section.1}{\376\377\226\104\137\125\155\113\213\325}{}% 20
\BOOKMARK [2][-]{subsection.1.1}{\376\377\213\272\145\207\145\340\227\000\226\104\137\125\123\273\143\211\213\345\220\350\122\006}{section.1}% 21
\BOOKMARK [2][-]{subsection.1.2}{\376\377\116\000\116\233\155\113\213\325}{section.1}% 22
\BOOKMARK [1][-]{section.2}{\376\377\121\222\154\341\143\222\136\217\173\227\154\325}{}% 23
